2025-11-24 04:10:26 - pages.homepage - INFO - Clicked on Forms card
2025-11-24 04:10:26 - pages.homepage - INFO - Navigated to: Practice Form
2025-11-24 04:11:21 - pages.homepage - INFO - Clicked on Forms card
2025-11-24 04:11:21 - pages.homepage - INFO - Navigated to: Practice Form
2025-11-24 04:11:25 - pages.homepage - INFO - Clicked on Forms card
2025-11-24 04:11:25 - pages.homepage - INFO - Navigated to: Practice Form
2025-11-24 04:11:59 - pages.homepage - INFO - Clicked on Forms card
2025-11-24 04:12:00 - pages.homepage - INFO - Navigated to: Practice Form
2025-11-24 04:12:23 - pages.homepage - INFO - Clicked on Forms card
2025-11-24 04:12:24 - pages.homepage - INFO - Navigated to: Practice Form
2025-11-24 04:12:48 - pages.homepage - INFO - Clicked on Forms card
2025-11-24 04:12:48 - pages.homepage - INFO - Navigated to: Practice Form
2025-11-24 04:13:12 - pages.homepage - INFO - Clicked on Forms card
2025-11-24 04:13:12 - pages.homepage - INFO - Navigated to: Practice Form
2025-11-24 04:13:47 - pages.homepage - INFO - Clicked on Forms card
2025-11-24 04:13:47 - pages.homepage - INFO - Navigated to: Practice Form
2025-11-24 04:14:22 - pages.homepage - INFO - Clicked on Forms card
2025-11-24 04:14:22 - pages.homepage - INFO - Navigated to: Practice Form
2025-11-24 04:16:06 - pages.homepage - INFO - Clicked on Forms card
2025-11-24 04:16:07 - pages.homepage - INFO - Navigated to: Practice Form
2025-11-24 04:16:43 - pages.homepage - INFO - Clicked on Forms card
2025-11-24 04:16:44 - pages.homepage - INFO - Navigated to: Practice Form
2025-11-24 04:17:09 - pages.homepage - INFO - Clicked on Forms card
2025-11-24 04:17:10 - pages.homepage - INFO - Navigated to: Practice Form
2025-11-24 04:17:35 - pages.homepage - INFO - Clicked on Forms card
2025-11-24 04:17:36 - pages.homepage - INFO - Navigated to: Practice Form
2025-11-24 04:18:00 - pages.homepage - INFO - Clicked on Forms card
2025-11-24 04:18:01 - pages.homepage - INFO - Navigated to: Practice Form
2025-11-24 04:18:35 - pages.homepage - INFO - Clicked on Forms card
2025-11-24 04:18:35 - pages.homepage - INFO - Navigated to: Practice Form
2025-11-24 04:19:12 - pages.homepage - INFO - Clicked on Forms card
2025-11-24 04:19:12 - pages.homepage - INFO - Navigated to: Practice Form
2025-11-24 04:25:04 - pages.homepage - INFO - Clicked on Forms card
2025-11-24 04:25:04 - pages.homepage - INFO - Navigated to: Practice Form
2025-11-24 04:25:28 - pages.homepage - INFO - Clicked on Forms card
2025-11-24 04:25:29 - pages.homepage - INFO - Navigated to: Practice Form
2025-11-24 04:25:54 - pages.homepage - INFO - Clicked on Forms card
2025-11-24 04:25:54 - pages.homepage - INFO - Navigated to: Practice Form
2025-11-24 04:26:19 - pages.homepage - INFO - Clicked on Forms card
2025-11-24 04:26:19 - pages.homepage - INFO - Navigated to: Practice Form
2025-11-24 04:51:44 - pages.homepage - INFO - Clicked on Book Store Application card
2025-11-24 04:51:45 - pages.homepage - INFO - Found Book Store Application menu items: ['Login', 'Book Store', 'Profile', 'Book Store API']
2025-11-24 04:51:45 - pages.homepage - INFO - Book Store Application menu expanded: True
2025-11-24 04:51:45 - pages.homepage - INFO - Found Book Store Application menu items: ['Login', 'Book Store', 'Profile', 'Book Store API']
2025-11-24 04:51:45 - pages.homepage - INFO - Navigated to: Book Store
2025-11-24 04:52:03 - pages.homepage - INFO - Clicked on Book Store Application card
2025-11-24 04:52:03 - pages.homepage - INFO - Found Book Store Application menu items: ['Login', 'Book Store', 'Profile', 'Book Store API']
2025-11-24 04:52:03 - pages.homepage - INFO - Book Store Application menu expanded: True
2025-11-24 04:52:03 - pages.homepage - INFO - Found Book Store Application menu items: ['Login', 'Book Store', 'Profile', 'Book Store API']
2025-11-24 04:52:04 - pages.homepage - INFO - Navigated to: Book Store
2025-11-24 04:52:55 - pages.homepage - INFO - Clicked on Elements card
2025-11-24 04:52:56 - pages.homepage - INFO - Found Elements menu items: ['Text Box', 'Check Box', 'Radio Button', 'Web Tables', 'Buttons', 'Links', 'Broken Links - Images', 'Upload and Download', 'Dynamic Properties']
2025-11-24 04:52:56 - pages.homepage - INFO - Navigated to: Check Box
2025-11-24 04:53:19 - pages.homepage - INFO - Clicked on Elements card
2025-11-24 04:53:19 - pages.homepage - INFO - Found Elements menu items: ['Text Box', 'Check Box', 'Radio Button', 'Web Tables', 'Buttons', 'Links', 'Broken Links - Images', 'Upload and Download', 'Dynamic Properties']
2025-11-24 04:53:20 - pages.homepage - INFO - Navigated to: Check Box
2025-11-24 04:54:16 - pages.homepage - INFO - Clicked on Elements card
2025-11-24 04:54:16 - pages.homepage - INFO - Found Elements menu items: ['Text Box', 'Check Box', 'Radio Button', 'Web Tables', 'Buttons', 'Links', 'Broken Links - Images', 'Upload and Download', 'Dynamic Properties']
2025-11-24 04:54:17 - pages.homepage - INFO - Navigated to: Check Box
2025-11-24 04:54:44 - pages.homepage - INFO - Clicked on Elements card
2025-11-24 04:54:44 - pages.homepage - INFO - Found Elements menu items: ['Text Box', 'Check Box', 'Radio Button', 'Web Tables', 'Buttons', 'Links', 'Broken Links - Images', 'Upload and Download', 'Dynamic Properties']
2025-11-24 04:54:44 - pages.homepage - INFO - Navigated to: Check Box
2025-11-24 04:55:53 - pages.homepage - INFO - Clicked on Elements card
2025-11-24 04:55:54 - pages.homepage - INFO - Found Elements menu items: ['Text Box', 'Check Box', 'Radio Button', 'Web Tables', 'Buttons', 'Links', 'Broken Links - Images', 'Upload and Download', 'Dynamic Properties']
2025-11-24 04:55:54 - pages.homepage - INFO - Navigated to: Dynamic Properties
2025-11-24 05:03:39 - pages.homepage - INFO - Clicked on Book Store Application card
2025-11-24 05:03:39 - pages.homepage - INFO - Found Book Store Application menu items: ['Login', 'Book Store', 'Profile', 'Book Store API']
2025-11-24 05:03:39 - pages.homepage - INFO - Book Store Application menu expanded: True
2025-11-24 05:03:39 - pages.homepage - INFO - Found Book Store Application menu items: ['Login', 'Book Store', 'Profile', 'Book Store API']
2025-11-24 05:03:39 - pages.homepage - INFO - Navigated to: Book Store
2025-11-24 05:03:53 - pages.homepage - INFO - Clicked on Book Store Application card
2025-11-24 05:03:54 - pages.homepage - INFO - Found Book Store Application menu items: ['Login', 'Book Store', 'Profile', 'Book Store API']
2025-11-24 05:03:54 - pages.homepage - INFO - Book Store Application menu expanded: True
2025-11-24 05:03:54 - pages.homepage - INFO - Found Book Store Application menu items: ['Login', 'Book Store', 'Profile', 'Book Store API']
2025-11-24 05:03:54 - pages.homepage - INFO - Navigated to: Book Store
2025-11-24 05:04:44 - pages.homepage - INFO - Clicked on Elements card
2025-11-24 05:04:44 - pages.homepage - INFO - Found Elements menu items: ['Text Box', 'Check Box', 'Radio Button', 'Web Tables', 'Buttons', 'Links', 'Broken Links - Images', 'Upload and Download', 'Dynamic Properties']
2025-11-24 05:04:44 - pages.homepage - INFO - Navigated to: Check Box
2025-11-24 05:05:07 - pages.homepage - INFO - Clicked on Elements card
2025-11-24 05:05:07 - pages.homepage - INFO - Found Elements menu items: ['Text Box', 'Check Box', 'Radio Button', 'Web Tables', 'Buttons', 'Links', 'Broken Links - Images', 'Upload and Download', 'Dynamic Properties']
2025-11-24 05:05:08 - pages.homepage - INFO - Navigated to: Check Box
2025-11-24 05:06:04 - pages.homepage - INFO - Clicked on Elements card
2025-11-24 05:06:04 - pages.homepage - INFO - Found Elements menu items: ['Text Box', 'Check Box', 'Radio Button', 'Web Tables', 'Buttons', 'Links', 'Broken Links - Images', 'Upload and Download', 'Dynamic Properties']
2025-11-24 05:06:04 - pages.homepage - INFO - Navigated to: Check Box
2025-11-24 05:06:32 - pages.homepage - INFO - Clicked on Elements card
2025-11-24 05:06:32 - pages.homepage - INFO - Found Elements menu items: ['Text Box', 'Check Box', 'Radio Button', 'Web Tables', 'Buttons', 'Links', 'Broken Links - Images', 'Upload and Download', 'Dynamic Properties']
2025-11-24 05:06:32 - pages.homepage - INFO - Navigated to: Check Box
2025-11-24 05:07:41 - pages.homepage - INFO - Clicked on Elements card
2025-11-24 05:07:41 - pages.homepage - INFO - Found Elements menu items: ['Text Box', 'Check Box', 'Radio Button', 'Web Tables', 'Buttons', 'Links', 'Broken Links - Images', 'Upload and Download', 'Dynamic Properties']
2025-11-24 05:07:42 - pages.homepage - INFO - Navigated to: Dynamic Properties
2025-11-24 05:07:50 - pages.homepage - INFO - Clicked on Elements card
2025-11-24 05:07:50 - pages.homepage - INFO - Found Elements menu items: ['Text Box', 'Check Box', 'Radio Button', 'Web Tables', 'Buttons', 'Links', 'Broken Links - Images', 'Upload and Download', 'Dynamic Properties']
2025-11-24 05:07:50 - pages.homepage - INFO - Navigated to: Dynamic Properties
2025-11-24 05:07:59 - pages.homepage - INFO - Clicked on Forms card
2025-11-24 05:07:59 - pages.homepage - INFO - Navigated to: Practice Form
2025-11-24 05:08:23 - pages.homepage - INFO - Clicked on Forms card
2025-11-24 05:08:23 - pages.homepage - INFO - Navigated to: Practice Form
2025-11-24 05:08:25 - pages.homepage - INFO - Clicked on Forms card
2025-11-24 05:08:25 - pages.homepage - INFO - Navigated to: Practice Form
2025-11-24 05:08:48 - pages.homepage - INFO - Clicked on Forms card
2025-11-24 05:08:48 - pages.homepage - INFO - Navigated to: Practice Form
2025-11-24 05:09:11 - pages.homepage - INFO - Clicked on Forms card
2025-11-24 05:09:11 - pages.homepage - INFO - Navigated to: Practice Form
2025-11-24 05:09:33 - pages.homepage - INFO - Clicked on Forms card
2025-11-24 05:09:33 - pages.homepage - INFO - Navigated to: Practice Form
2025-11-24 05:09:56 - pages.homepage - INFO - Clicked on Forms card
2025-11-24 05:09:56 - pages.homepage - INFO - Navigated to: Practice Form
2025-11-24 05:10:19 - pages.homepage - INFO - Clicked on Forms card
2025-11-24 05:10:19 - pages.homepage - INFO - Navigated to: Practice Form
2025-11-24 05:10:42 - pages.homepage - INFO - Clicked on Forms card
2025-11-24 05:10:42 - pages.homepage - INFO - Navigated to: Practice Form
