2025-11-24 04:10:26 - pages.base_page - INFO - Navigated to: https://demoqa.com
2025-11-24 04:11:20 - pages.base_page - INFO - Navigated to: https://demoqa.com
2025-11-24 04:11:24 - pages.base_page - INFO - Navigated to: https://demoqa.com
2025-11-24 04:11:59 - pages.base_page - INFO - Navigated to: https://demoqa.com
2025-11-24 04:12:23 - pages.base_page - INFO - Navigated to: https://demoqa.com
2025-11-24 04:12:48 - pages.base_page - INFO - Navigated to: https://demoqa.com
2025-11-24 04:13:12 - pages.base_page - INFO - Navigated to: https://demoqa.com
2025-11-24 04:13:46 - pages.base_page - INFO - Navigated to: https://demoqa.com
2025-11-24 04:14:22 - pages.base_page - INFO - Navigated to: https://demoqa.com
2025-11-24 04:16:06 - pages.base_page - INFO - Navigated to: https://demoqa.com
2025-11-24 04:16:43 - pages.base_page - INFO - Navigated to: https://demoqa.com
2025-11-24 04:17:08 - pages.base_page - INFO - Navigated to: https://demoqa.com
2025-11-24 04:17:34 - pages.base_page - INFO - Navigated to: https://demoqa.com
2025-11-24 04:18:00 - pages.base_page - INFO - Navigated to: https://demoqa.com
2025-11-24 04:18:34 - pages.base_page - INFO - Navigated to: https://demoqa.com
2025-11-24 04:19:12 - pages.base_page - INFO - Navigated to: https://demoqa.com
2025-11-24 04:25:04 - pages.base_page - INFO - Navigated to: https://demoqa.com
2025-11-24 04:25:28 - pages.base_page - INFO - Navigated to: https://demoqa.com
2025-11-24 04:25:54 - pages.base_page - INFO - Navigated to: https://demoqa.com
2025-11-24 04:26:18 - pages.base_page - INFO - Navigated to: https://demoqa.com
2025-11-24 04:51:44 - pages.base_page - INFO - Navigated to: https://demoqa.com
2025-11-24 04:52:03 - pages.base_page - INFO - Navigated to: https://demoqa.com
2025-11-24 04:52:55 - pages.base_page - INFO - Navigated to: https://demoqa.com
2025-11-24 04:53:19 - pages.base_page - INFO - Navigated to: https://demoqa.com
2025-11-24 04:54:16 - pages.base_page - INFO - Navigated to: https://demoqa.com
2025-11-24 04:54:44 - pages.base_page - INFO - Navigated to: https://demoqa.com
2025-11-24 04:55:51 - pages.base_page - ERROR - Get text failed ('id', 'result'): Message: 
Stacktrace:
Symbols not available. Dumping unresolved backtrace:
	0x924103
	0x924144
	0x72e71d
	0x77a03d
	0x77a41b
	0x7c17f2
	0x79c954
	0x7bee17
	0x79c706
	0x76da30
	0x76ed54
	0xb957b4
	0xb9098a
	0x94c392
	0x93c4c8
	0x94324d
	0x92c478
	0x92c63c
	0x9167ca
	0x75067ba9
	0x76ebc3ab
	0x76ebc32f

2025-11-24 04:55:53 - pages.base_page - INFO - Navigated to: https://demoqa.com
2025-11-24 05:03:39 - pages.base_page - INFO - Navigated to: https://demoqa.com
2025-11-24 05:03:53 - pages.base_page - INFO - Navigated to: https://demoqa.com
2025-11-24 05:04:44 - pages.base_page - INFO - Navigated to: https://demoqa.com
2025-11-24 05:05:07 - pages.base_page - INFO - Navigated to: https://demoqa.com
2025-11-24 05:06:04 - pages.base_page - INFO - Navigated to: https://demoqa.com
2025-11-24 05:06:32 - pages.base_page - INFO - Navigated to: https://demoqa.com
2025-11-24 05:07:40 - pages.base_page - ERROR - Get text failed ('id', 'result'): Message: 
Stacktrace:
Symbols not available. Dumping unresolved backtrace:
	0x924103
	0x924144
	0x72e71d
	0x77a03d
	0x77a41b
	0x7c17f2
	0x79c954
	0x7bee17
	0x79c706
	0x76da30
	0x76ed54
	0xb957b4
	0xb9098a
	0x94c392
	0x93c4c8
	0x94324d
	0x92c478
	0x92c63c
	0x9167ca
	0x75067ba9
	0x76ebc3ab
	0x76ebc32f

2025-11-24 05:07:41 - pages.base_page - INFO - Navigated to: https://demoqa.com
2025-11-24 05:07:43 - pages.base_page - INFO - Page refreshed
2025-11-24 05:07:49 - pages.base_page - INFO - Navigated to: https://demoqa.com
2025-11-24 05:07:52 - pages.base_page - INFO - Page refreshed
2025-11-24 05:07:59 - pages.base_page - INFO - Navigated to: https://demoqa.com
2025-11-24 05:08:22 - pages.base_page - INFO - Navigated to: https://demoqa.com
2025-11-24 05:08:24 - pages.base_page - INFO - Navigated to: https://demoqa.com
2025-11-24 05:08:47 - pages.base_page - INFO - Navigated to: https://demoqa.com
2025-11-24 05:09:11 - pages.base_page - INFO - Navigated to: https://demoqa.com
2025-11-24 05:09:33 - pages.base_page - INFO - Navigated to: https://demoqa.com
2025-11-24 05:09:56 - pages.base_page - INFO - Navigated to: https://demoqa.com
2025-11-24 05:10:19 - pages.base_page - INFO - Navigated to: https://demoqa.com
2025-11-24 05:10:41 - pages.base_page - INFO - Navigated to: https://demoqa.com
